[0.076s] DEBUG:colcon:Command line arguments: ['/usr/bin/colcon', 'build', '--symlink-install', '--packages-select', 'rviz_lidar_view']
[0.076s] DEBUG:colcon:Parsed command line arguments: Namespace(log_base=None, log_level=None, verb_name='build', build_base='build', install_base='install', merge_install=False, symlink_install=True, test_result_base=None, continue_on_error=False, executor='parallel', parallel_workers=12, event_handlers=None, ignore_user_meta=False, metas=['./colcon.meta'], base_paths=['.'], packages_ignore=None, packages_ignore_regex=None, paths=None, packages_up_to=None, packages_up_to_regex=None, packages_above=None, packages_above_and_dependencies=None, packages_above_depth=None, packages_select_by_dep=None, packages_skip_by_dep=None, packages_skip_up_to=None, packages_select_build_failed=False, packages_skip_build_finished=False, packages_select_test_failures=False, packages_skip_test_passed=False, packages_select=['rviz_lidar_view'], packages_skip=None, packages_select_regex=None, packages_skip_regex=None, packages_start=None, packages_end=None, allow_overriding=[], cmake_args=None, cmake_target=None, cmake_target_skip_unavailable=False, cmake_clean_cache=False, cmake_clean_first=False, cmake_force_configure=False, ament_cmake_args=None, catkin_cmake_args=None, catkin_skip_building_tests=False, mixin_files=None, mixin=None, verb_parser=<colcon_mixin.mixin.mixin_argument.MixinArgumentDecorator object at 0x7fc4dba02560>, verb_extension=<colcon_core.verb.build.BuildVerb object at 0x7fc4dba01f60>, main=<bound method BuildVerb.main of <colcon_core.verb.build.BuildVerb object at 0x7fc4dba01f60>>, mixin_verb=('build',))
[0.192s] Level 1:colcon.colcon_core.package_discovery:discover_packages(colcon_meta) check parameters
[0.192s] Level 1:colcon.colcon_core.package_discovery:discover_packages(recursive) check parameters
[0.192s] Level 1:colcon.colcon_core.package_discovery:discover_packages(ignore) check parameters
[0.192s] Level 1:colcon.colcon_core.package_discovery:discover_packages(path) check parameters
[0.192s] Level 1:colcon.colcon_core.package_discovery:discover_packages(colcon_meta) discover
[0.192s] Level 1:colcon.colcon_core.package_discovery:discover_packages(recursive) discover
[0.192s] INFO:colcon.colcon_core.package_discovery:Crawling recursively for packages in '/home/hf2137/ros2_salamanca_ws'
[0.192s] Level 1:colcon.colcon_core.package_identification:_identify(.) by extensions ['ignore', 'ignore_ament_install']
[0.192s] Level 1:colcon.colcon_core.package_identification:_identify(.) by extension 'ignore'
[0.192s] Level 1:colcon.colcon_core.package_identification:_identify(.) by extension 'ignore_ament_install'
[0.192s] Level 1:colcon.colcon_core.package_identification:_identify(.) by extensions ['colcon_pkg']
[0.192s] Level 1:colcon.colcon_core.package_identification:_identify(.) by extension 'colcon_pkg'
[0.193s] Level 1:colcon.colcon_core.package_identification:_identify(.) by extensions ['colcon_meta']
[0.193s] Level 1:colcon.colcon_core.package_identification:_identify(.) by extension 'colcon_meta'
[0.193s] Level 1:colcon.colcon_core.package_identification:_identify(.) by extensions ['ros']
[0.193s] Level 1:colcon.colcon_core.package_identification:_identify(.) by extension 'ros'
[0.200s] Level 1:colcon.colcon_core.package_identification:_identify(.) by extensions ['cmake', 'python']
[0.200s] Level 1:colcon.colcon_core.package_identification:_identify(.) by extension 'cmake'
[0.200s] Level 1:colcon.colcon_core.package_identification:_identify(.) by extension 'python'
[0.200s] Level 1:colcon.colcon_core.package_identification:_identify(.) by extensions ['python_setup_py']
[0.200s] Level 1:colcon.colcon_core.package_identification:_identify(.) by extension 'python_setup_py'
[0.200s] Level 1:colcon.colcon_core.package_identification:_identify(build) by extensions ['ignore', 'ignore_ament_install']
[0.200s] Level 1:colcon.colcon_core.package_identification:_identify(build) by extension 'ignore'
[0.200s] Level 1:colcon.colcon_core.package_identification:_identify(build) ignored
[0.201s] Level 1:colcon.colcon_core.package_identification:_identify(install) by extensions ['ignore', 'ignore_ament_install']
[0.201s] Level 1:colcon.colcon_core.package_identification:_identify(install) by extension 'ignore'
[0.201s] Level 1:colcon.colcon_core.package_identification:_identify(install) ignored
[0.201s] Level 1:colcon.colcon_core.package_identification:_identify(log) by extensions ['ignore', 'ignore_ament_install']
[0.201s] Level 1:colcon.colcon_core.package_identification:_identify(log) by extension 'ignore'
[0.201s] Level 1:colcon.colcon_core.package_identification:_identify(log) ignored
[0.201s] Level 1:colcon.colcon_core.package_identification:_identify(src) by extensions ['ignore', 'ignore_ament_install']
[0.201s] Level 1:colcon.colcon_core.package_identification:_identify(src) by extension 'ignore'
[0.201s] Level 1:colcon.colcon_core.package_identification:_identify(src) by extension 'ignore_ament_install'
[0.201s] Level 1:colcon.colcon_core.package_identification:_identify(src) by extensions ['colcon_pkg']
[0.201s] Level 1:colcon.colcon_core.package_identification:_identify(src) by extension 'colcon_pkg'
[0.201s] Level 1:colcon.colcon_core.package_identification:_identify(src) by extensions ['colcon_meta']
[0.201s] Level 1:colcon.colcon_core.package_identification:_identify(src) by extension 'colcon_meta'
[0.201s] Level 1:colcon.colcon_core.package_identification:_identify(src) by extensions ['ros']
[0.201s] Level 1:colcon.colcon_core.package_identification:_identify(src) by extension 'ros'
[0.201s] Level 1:colcon.colcon_core.package_identification:_identify(src) by extensions ['cmake', 'python']
[0.201s] Level 1:colcon.colcon_core.package_identification:_identify(src) by extension 'cmake'
[0.201s] Level 1:colcon.colcon_core.package_identification:_identify(src) by extension 'python'
[0.201s] Level 1:colcon.colcon_core.package_identification:_identify(src) by extensions ['python_setup_py']
[0.201s] Level 1:colcon.colcon_core.package_identification:_identify(src) by extension 'python_setup_py'
[0.201s] Level 1:colcon.colcon_core.package_identification:_identify(src/rviz_lidar_view) by extensions ['ignore', 'ignore_ament_install']
[0.201s] Level 1:colcon.colcon_core.package_identification:_identify(src/rviz_lidar_view) by extension 'ignore'
[0.201s] Level 1:colcon.colcon_core.package_identification:_identify(src/rviz_lidar_view) by extension 'ignore_ament_install'
[0.201s] Level 1:colcon.colcon_core.package_identification:_identify(src/rviz_lidar_view) by extensions ['colcon_pkg']
[0.201s] Level 1:colcon.colcon_core.package_identification:_identify(src/rviz_lidar_view) by extension 'colcon_pkg'
[0.202s] Level 1:colcon.colcon_core.package_identification:_identify(src/rviz_lidar_view) by extensions ['colcon_meta']
[0.202s] Level 1:colcon.colcon_core.package_identification:_identify(src/rviz_lidar_view) by extension 'colcon_meta'
[0.202s] Level 1:colcon.colcon_core.package_identification:_identify(src/rviz_lidar_view) by extensions ['ros']
[0.202s] Level 1:colcon.colcon_core.package_identification:_identify(src/rviz_lidar_view) by extension 'ros'
[0.203s] DEBUG:colcon.colcon_core.package_identification:Package 'src/rviz_lidar_view' with type 'ros.ament_python' and name 'rviz_lidar_view'
[0.203s] Level 1:colcon.colcon_core.package_discovery:discover_packages(recursive) using defaults
[0.203s] Level 1:colcon.colcon_core.package_discovery:discover_packages(ignore) discover
[0.203s] Level 1:colcon.colcon_core.package_discovery:discover_packages(ignore) using defaults
[0.203s] Level 1:colcon.colcon_core.package_discovery:discover_packages(path) discover
[0.203s] Level 1:colcon.colcon_core.package_discovery:discover_packages(path) using defaults
[0.217s] Level 1:colcon.colcon_core.package_discovery:discover_packages(prefix_path) check parameters
[0.217s] Level 1:colcon.colcon_core.package_discovery:discover_packages(prefix_path) discover
[0.218s] WARNING:colcon.colcon_ros.prefix_path.ament:The path '/home/hf2137/ros2_salamanca_ws/install/rviz_lidar_view' in the environment variable AMENT_PREFIX_PATH doesn't exist
[0.218s] DEBUG:colcon.colcon_installed_package_information.package_discovery:Found 0 installed packages in /home/hf2137/ros2_salamanca_ws/install
[0.218s] DEBUG:colcon.colcon_installed_package_information.package_discovery:Found 1 installed packages in /home/hf2137/ros2_lidar_ws/install
[0.219s] DEBUG:colcon.colcon_installed_package_information.package_discovery:Found 270 installed packages in /opt/ros/humble
[0.227s] Level 1:colcon.colcon_core.package_discovery:discover_packages(prefix_path) using defaults
[0.253s] Level 5:colcon.colcon_core.verb:set package 'rviz_lidar_view' build argument 'cmake_args' from command line to 'None'
[0.253s] Level 5:colcon.colcon_core.verb:set package 'rviz_lidar_view' build argument 'cmake_target' from command line to 'None'
[0.253s] Level 5:colcon.colcon_core.verb:set package 'rviz_lidar_view' build argument 'cmake_target_skip_unavailable' from command line to 'False'
[0.253s] Level 5:colcon.colcon_core.verb:set package 'rviz_lidar_view' build argument 'cmake_clean_cache' from command line to 'False'
[0.253s] Level 5:colcon.colcon_core.verb:set package 'rviz_lidar_view' build argument 'cmake_clean_first' from command line to 'False'
[0.253s] Level 5:colcon.colcon_core.verb:set package 'rviz_lidar_view' build argument 'cmake_force_configure' from command line to 'False'
[0.253s] Level 5:colcon.colcon_core.verb:set package 'rviz_lidar_view' build argument 'ament_cmake_args' from command line to 'None'
[0.253s] Level 5:colcon.colcon_core.verb:set package 'rviz_lidar_view' build argument 'catkin_cmake_args' from command line to 'None'
[0.253s] Level 5:colcon.colcon_core.verb:set package 'rviz_lidar_view' build argument 'catkin_skip_building_tests' from command line to 'False'
[0.253s] DEBUG:colcon.colcon_core.verb:Building package 'rviz_lidar_view' with the following arguments: {'ament_cmake_args': None, 'build_base': '/home/hf2137/ros2_salamanca_ws/build/rviz_lidar_view', 'catkin_cmake_args': None, 'catkin_skip_building_tests': False, 'cmake_args': None, 'cmake_clean_cache': False, 'cmake_clean_first': False, 'cmake_force_configure': False, 'cmake_target': None, 'cmake_target_skip_unavailable': False, 'install_base': '/home/hf2137/ros2_salamanca_ws/install/rviz_lidar_view', 'merge_install': False, 'path': '/home/hf2137/ros2_salamanca_ws/src/rviz_lidar_view', 'symlink_install': True, 'test_result_base': None}
[0.253s] INFO:colcon.colcon_core.executor:Executing jobs using 'parallel' executor
[0.254s] DEBUG:colcon.colcon_parallel_executor.executor.parallel:run_until_complete
[0.254s] INFO:colcon.colcon_ros.task.ament_python.build:Building ROS package in '/home/hf2137/ros2_salamanca_ws/src/rviz_lidar_view' with build type 'ament_python'
[0.254s] Level 1:colcon.colcon_core.shell:create_environment_hook('rviz_lidar_view', 'ament_prefix_path')
[0.256s] INFO:colcon.colcon_core.plugin_system:Skipping extension 'colcon_core.shell.bat': Not used on non-Windows systems
[0.256s] INFO:colcon.colcon_core.shell:Creating environment hook '/home/hf2137/ros2_salamanca_ws/install/rviz_lidar_view/share/rviz_lidar_view/hook/ament_prefix_path.ps1'
[0.256s] INFO:colcon.colcon_core.shell:Creating environment descriptor '/home/hf2137/ros2_salamanca_ws/install/rviz_lidar_view/share/rviz_lidar_view/hook/ament_prefix_path.dsv'
[0.257s] INFO:colcon.colcon_core.shell:Creating environment hook '/home/hf2137/ros2_salamanca_ws/install/rviz_lidar_view/share/rviz_lidar_view/hook/ament_prefix_path.sh'
[0.257s] INFO:colcon.colcon_core.shell:Skip shell extension 'powershell' for command environment: Not usable outside of PowerShell
[0.257s] DEBUG:colcon.colcon_core.shell:Skip shell extension 'dsv' for command environment
[0.437s] INFO:colcon.colcon_core.task.python.build:Building Python package in '/home/hf2137/ros2_salamanca_ws/src/rviz_lidar_view'
[0.437s] INFO:colcon.colcon_core.shell:Skip shell extension 'powershell' for command environment: Not usable outside of PowerShell
[0.437s] DEBUG:colcon.colcon_core.shell:Skip shell extension 'dsv' for command environment
[0.674s] DEBUG:colcon.colcon_core.event_handler.log_command:Invoking command in '/home/hf2137/ros2_salamanca_ws/build/rviz_lidar_view': PYTHONPATH=/home/hf2137/ros2_salamanca_ws/build/rviz_lidar_view/prefix_override:/usr/lib/python3/dist-packages/colcon_core/task/python/colcon_distutils_commands:/home/hf2137/ros2_salamanca_ws/install/rviz_lidar_view/lib/python3.10/site-packages:${PYTHONPATH} /usr/bin/python3 -W ignore:setup.py install is deprecated -W ignore:easy_install command is deprecated setup.py develop --editable --build-directory /home/hf2137/ros2_salamanca_ws/build/rviz_lidar_view/build --no-deps symlink_data
[0.985s] Level 1:colcon.colcon_core.shell:create_environment_hook('rviz_lidar_view', 'pythonpath_develop')
[0.986s] INFO:colcon.colcon_core.shell:Creating environment hook '/home/hf2137/ros2_salamanca_ws/build/rviz_lidar_view/share/rviz_lidar_view/hook/pythonpath_develop.ps1'
[0.986s] DEBUG:colcon.colcon_core.event_handler.log_command:Invoked command in '/home/hf2137/ros2_salamanca_ws/build/rviz_lidar_view' returned '0': PYTHONPATH=/home/hf2137/ros2_salamanca_ws/build/rviz_lidar_view/prefix_override:/usr/lib/python3/dist-packages/colcon_core/task/python/colcon_distutils_commands:/home/hf2137/ros2_salamanca_ws/install/rviz_lidar_view/lib/python3.10/site-packages:${PYTHONPATH} /usr/bin/python3 -W ignore:setup.py install is deprecated -W ignore:easy_install command is deprecated setup.py develop --editable --build-directory /home/hf2137/ros2_salamanca_ws/build/rviz_lidar_view/build --no-deps symlink_data
[0.987s] INFO:colcon.colcon_core.shell:Creating environment descriptor '/home/hf2137/ros2_salamanca_ws/build/rviz_lidar_view/share/rviz_lidar_view/hook/pythonpath_develop.dsv'
[0.987s] INFO:colcon.colcon_core.shell:Creating environment hook '/home/hf2137/ros2_salamanca_ws/build/rviz_lidar_view/share/rviz_lidar_view/hook/pythonpath_develop.sh'
[0.989s] Level 1:colcon.colcon_core.environment:checking '/home/hf2137/ros2_salamanca_ws/install/rviz_lidar_view' for CMake module files
[0.989s] Level 1:colcon.colcon_core.environment:checking '/home/hf2137/ros2_salamanca_ws/install/rviz_lidar_view' for CMake config files
[0.989s] Level 1:colcon.colcon_core.environment:checking '/home/hf2137/ros2_salamanca_ws/install/rviz_lidar_view/lib'
[0.989s] Level 1:colcon.colcon_core.environment:checking '/home/hf2137/ros2_salamanca_ws/install/rviz_lidar_view/bin'
[0.989s] Level 1:colcon.colcon_core.environment:checking '/home/hf2137/ros2_salamanca_ws/install/rviz_lidar_view/lib/pkgconfig/rviz_lidar_view.pc'
[0.990s] Level 1:colcon.colcon_core.environment:checking '/home/hf2137/ros2_salamanca_ws/install/rviz_lidar_view/lib/python3.10/site-packages'
[0.990s] Level 1:colcon.colcon_core.shell:create_environment_hook('rviz_lidar_view', 'pythonpath')
[0.990s] INFO:colcon.colcon_core.shell:Creating environment hook '/home/hf2137/ros2_salamanca_ws/install/rviz_lidar_view/share/rviz_lidar_view/hook/pythonpath.ps1'
[0.990s] INFO:colcon.colcon_core.shell:Creating environment descriptor '/home/hf2137/ros2_salamanca_ws/install/rviz_lidar_view/share/rviz_lidar_view/hook/pythonpath.dsv'
[0.990s] INFO:colcon.colcon_core.shell:Creating environment hook '/home/hf2137/ros2_salamanca_ws/install/rviz_lidar_view/share/rviz_lidar_view/hook/pythonpath.sh'
[0.991s] Level 1:colcon.colcon_core.environment:checking '/home/hf2137/ros2_salamanca_ws/install/rviz_lidar_view/bin'
[0.991s] Level 1:colcon.colcon_core.environment:create_environment_scripts_only(rviz_lidar_view)
[0.991s] INFO:colcon.colcon_core.shell:Creating package script '/home/hf2137/ros2_salamanca_ws/install/rviz_lidar_view/share/rviz_lidar_view/package.ps1'
[0.991s] INFO:colcon.colcon_core.shell:Creating package descriptor '/home/hf2137/ros2_salamanca_ws/install/rviz_lidar_view/share/rviz_lidar_view/package.dsv'
[0.992s] INFO:colcon.colcon_core.shell:Creating package script '/home/hf2137/ros2_salamanca_ws/install/rviz_lidar_view/share/rviz_lidar_view/package.sh'
[0.992s] INFO:colcon.colcon_core.shell:Creating package script '/home/hf2137/ros2_salamanca_ws/install/rviz_lidar_view/share/rviz_lidar_view/package.bash'
[0.993s] INFO:colcon.colcon_core.shell:Creating package script '/home/hf2137/ros2_salamanca_ws/install/rviz_lidar_view/share/rviz_lidar_view/package.zsh'
[0.993s] Level 1:colcon.colcon_core.environment:create_file_with_runtime_dependencies(/home/hf2137/ros2_salamanca_ws/install/rviz_lidar_view/share/colcon-core/packages/rviz_lidar_view)
[0.994s] DEBUG:colcon.colcon_parallel_executor.executor.parallel:closing loop
[0.994s] DEBUG:colcon.colcon_parallel_executor.executor.parallel:loop closed
[0.994s] DEBUG:colcon.colcon_parallel_executor.executor.parallel:run_until_complete finished with '0'
[0.994s] DEBUG:colcon.colcon_core.event_reactor:joining thread
[0.997s] INFO:colcon.colcon_core.plugin_system:Skipping extension 'colcon_notification.desktop_notification.terminal_notifier': Not used on non-Darwin systems
[0.997s] INFO:colcon.colcon_core.plugin_system:Skipping extension 'colcon_notification.desktop_notification.win32': Not used on non-Windows systems
[0.997s] INFO:colcon.colcon_notification.desktop_notification:Sending desktop notification using 'notify2'
[1.006s] DEBUG:colcon.colcon_core.event_reactor:joined thread
[1.006s] INFO:colcon.colcon_core.shell:Creating prefix script '/home/hf2137/ros2_salamanca_ws/install/local_setup.ps1'
[1.007s] INFO:colcon.colcon_core.shell:Creating prefix util module '/home/hf2137/ros2_salamanca_ws/install/_local_setup_util_ps1.py'
[1.008s] INFO:colcon.colcon_core.shell:Creating prefix chain script '/home/hf2137/ros2_salamanca_ws/install/setup.ps1'
[1.008s] INFO:colcon.colcon_core.shell:Creating prefix script '/home/hf2137/ros2_salamanca_ws/install/local_setup.sh'
[1.009s] INFO:colcon.colcon_core.shell:Creating prefix util module '/home/hf2137/ros2_salamanca_ws/install/_local_setup_util_sh.py'
[1.009s] INFO:colcon.colcon_core.shell:Creating prefix chain script '/home/hf2137/ros2_salamanca_ws/install/setup.sh'
[1.010s] INFO:colcon.colcon_core.shell:Creating prefix script '/home/hf2137/ros2_salamanca_ws/install/local_setup.bash'
[1.010s] INFO:colcon.colcon_core.shell:Creating prefix chain script '/home/hf2137/ros2_salamanca_ws/install/setup.bash'
[1.011s] INFO:colcon.colcon_core.shell:Creating prefix script '/home/hf2137/ros2_salamanca_ws/install/local_setup.zsh'
[1.011s] INFO:colcon.colcon_core.shell:Creating prefix chain script '/home/hf2137/ros2_salamanca_ws/install/setup.zsh'
